[February 24, 2021, 10:48 pm] | SELECT * FROM downloadable; | Data - []
[February 24, 2021, 10:48 pm] | SELECT * FROM cms; | Data - []
[February 24, 2021, 10:49 pm] | SELECT * FROM user WHERE email = :email LIMIT 1; | Data - []
[February 24, 2021, 10:49 pm] | SELECT * FROM file WHERE id = :id LIMIT 1; | Data - []
[February 24, 2021, 10:49 pm] | INSERT INTO token (token.hash, token.user_id) VALUES (:hash, :user_id); | Data - {"hash":"iNLPnJjXjWwAs2V5NMmk5RGsNLaHRCYg8YwaKzeb","user_id":1}
[February 24, 2021, 10:49 pm] | SELECT * FROM token WHERE token.id IN (?); | Data - ["21"]
[February 24, 2021, 10:49 pm] | SELECT * FROM log; | Data - []
[February 24, 2021, 10:49 pm] | SELECT * FROM user WHERE id = :id LIMIT 1; | Data - []
[February 24, 2021, 10:49 pm] | SELECT * FROM request WHERE request.id IN (?); | Data - [1]
[February 24, 2021, 10:49 pm] | SELECT * FROM document_type WHERE id = :id LIMIT 1; | Data - []
[February 24, 2021, 10:49 pm] | SELECT * FROM user WHERE id = :id LIMIT 1; | Data - []
[February 24, 2021, 10:49 pm] | SELECT * FROM request WHERE request.id IN (?); | Data - [1]
[February 24, 2021, 10:49 pm] | SELECT * FROM document_type WHERE id = :id LIMIT 1; | Data - []
[February 24, 2021, 10:49 pm] | SELECT * FROM user WHERE id = :id LIMIT 1; | Data - []
[February 24, 2021, 10:49 pm] | SELECT * FROM request WHERE request.id IN (?); | Data - [1]
[February 24, 2021, 10:49 pm] | SELECT * FROM document_type WHERE id = :id LIMIT 1; | Data - []
[February 24, 2021, 10:49 pm] | SELECT * FROM user WHERE id = :id LIMIT 1; | Data - []
[February 24, 2021, 10:49 pm] | SELECT * FROM request WHERE request.id IN (?); | Data - [1]
[February 24, 2021, 10:49 pm] | SELECT * FROM document_type WHERE id = :id LIMIT 1; | Data - []
[February 24, 2021, 10:49 pm] | SELECT * FROM user WHERE id = :id LIMIT 1; | Data - []
[February 24, 2021, 10:49 pm] | SELECT * FROM request WHERE request.id IN (?); | Data - [1]
[February 24, 2021, 10:49 pm] | SELECT * FROM document_type WHERE id = :id LIMIT 1; | Data - []
[February 24, 2021, 10:49 pm] | SELECT * FROM user WHERE id = :id LIMIT 1; | Data - []
[February 24, 2021, 10:49 pm] | SELECT * FROM request WHERE request.id IN (?); | Data - [1]
[February 24, 2021, 10:49 pm] | SELECT * FROM document_type WHERE id = :id LIMIT 1; | Data - []
[February 24, 2021, 10:49 pm] | SELECT * FROM user WHERE id = :id LIMIT 1; | Data - []
[February 24, 2021, 10:49 pm] | SELECT * FROM request WHERE request.id IN (?); | Data - [1]
[February 24, 2021, 10:49 pm] | SELECT * FROM document_type WHERE id = :id LIMIT 1; | Data - []
[February 24, 2021, 10:49 pm] | SELECT * FROM user WHERE id = :id LIMIT 1; | Data - []
[February 24, 2021, 10:49 pm] | SELECT * FROM request WHERE request.id IN (?); | Data - [1]
[February 24, 2021, 10:49 pm] | SELECT * FROM document_type WHERE id = :id LIMIT 1; | Data - []
[February 24, 2021, 10:49 pm] | SELECT * FROM user WHERE id = :id LIMIT 1; | Data - []
[February 24, 2021, 10:49 pm] | SELECT * FROM request WHERE request.id IN (?); | Data - [1]
[February 24, 2021, 10:49 pm] | SELECT * FROM document_type WHERE id = :id LIMIT 1; | Data - []
[February 24, 2021, 10:49 pm] | SELECT * FROM user WHERE id = :id LIMIT 1; | Data - []
[February 24, 2021, 10:49 pm] | SELECT * FROM request WHERE request.id IN (?); | Data - [1]
[February 24, 2021, 10:49 pm] | SELECT * FROM document_type WHERE id = :id LIMIT 1; | Data - []
[February 24, 2021, 10:49 pm] | SELECT * FROM user WHERE id = :id LIMIT 1; | Data - []
[February 24, 2021, 10:49 pm] | SELECT * FROM request WHERE request.id IN (?); | Data - [1]
[February 24, 2021, 10:49 pm] | SELECT * FROM document_type WHERE id = :id LIMIT 1; | Data - []
[February 24, 2021, 10:49 pm] | SELECT * FROM user WHERE id = :id LIMIT 1; | Data - []
[February 24, 2021, 10:49 pm] | SELECT * FROM request WHERE request.id IN (?); | Data - [2]
[February 24, 2021, 10:49 pm] | SELECT * FROM document_type WHERE id = :id LIMIT 1; | Data - []
[February 24, 2021, 10:49 pm] | SELECT * FROM user WHERE id = :id LIMIT 1; | Data - []
[February 24, 2021, 10:49 pm] | SELECT * FROM request WHERE request.id IN (?); | Data - [3]
[February 24, 2021, 10:49 pm] | SELECT * FROM document_type WHERE id = :id LIMIT 1; | Data - []
[February 24, 2021, 10:49 pm] | SELECT * FROM user WHERE id = :id LIMIT 1; | Data - []
[February 24, 2021, 10:49 pm] | SELECT * FROM request WHERE request.id IN (?); | Data - [4]
[February 24, 2021, 10:49 pm] | SELECT * FROM document_type WHERE id = :id LIMIT 1; | Data - []
[February 24, 2021, 10:49 pm] | SELECT * FROM user WHERE id = :id LIMIT 1; | Data - []
[February 24, 2021, 10:49 pm] | SELECT * FROM request WHERE request.id IN (?); | Data - [5]
[February 24, 2021, 10:49 pm] | SELECT * FROM document_type WHERE id = :id LIMIT 1; | Data - []
[February 24, 2021, 10:49 pm] | SELECT * FROM user WHERE id = :id LIMIT 1; | Data - []
[February 24, 2021, 10:49 pm] | SELECT * FROM request WHERE request.id IN (?); | Data - [6]
[February 24, 2021, 10:49 pm] | SELECT * FROM document_type WHERE id = :id LIMIT 1; | Data - []
[February 24, 2021, 10:49 pm] | SELECT * FROM user WHERE id = :id LIMIT 1; | Data - []
[February 24, 2021, 10:49 pm] | SELECT * FROM request WHERE request.id IN (?); | Data - [7]
[February 24, 2021, 10:49 pm] | SELECT * FROM document_type WHERE id = :id LIMIT 1; | Data - []
[February 24, 2021, 10:49 pm] | SELECT * FROM user WHERE id = :id LIMIT 1; | Data - []
[February 24, 2021, 10:49 pm] | SELECT * FROM request WHERE request.id IN (?); | Data - [8]
[February 24, 2021, 10:49 pm] | SELECT * FROM document_type WHERE id = :id LIMIT 1; | Data - []
[February 24, 2021, 10:49 pm] | SELECT * FROM user WHERE id = :id LIMIT 1; | Data - []
[February 24, 2021, 10:49 pm] | SELECT * FROM request WHERE request.id IN (?); | Data - [9]
[February 24, 2021, 10:49 pm] | SELECT * FROM document_type WHERE id = :id LIMIT 1; | Data - []
[February 24, 2021, 10:49 pm] | SELECT * FROM user WHERE id = :id LIMIT 1; | Data - []
[February 24, 2021, 10:49 pm] | SELECT * FROM request WHERE request.id IN (?); | Data - [2]
[February 24, 2021, 10:49 pm] | SELECT * FROM document_type WHERE id = :id LIMIT 1; | Data - []
[February 24, 2021, 10:49 pm] | SELECT * FROM user WHERE id = :id LIMIT 1; | Data - []
[February 24, 2021, 10:49 pm] | SELECT * FROM request WHERE request.id IN (?); | Data - [2]
[February 24, 2021, 10:49 pm] | SELECT * FROM document_type WHERE id = :id LIMIT 1; | Data - []
[February 24, 2021, 10:49 pm] | SELECT * FROM user WHERE id = :id LIMIT 1; | Data - []
[February 24, 2021, 10:49 pm] | SELECT * FROM request WHERE request.id IN (?); | Data - [2]
[February 24, 2021, 10:49 pm] | SELECT * FROM document_type WHERE id = :id LIMIT 1; | Data - []
[February 24, 2021, 10:49 pm] | SELECT * FROM user WHERE id = :id LIMIT 1; | Data - []
[February 24, 2021, 10:49 pm] | SELECT * FROM request WHERE request.id IN (?); | Data - [2]
[February 24, 2021, 10:49 pm] | SELECT * FROM document_type WHERE id = :id LIMIT 1; | Data - []
[February 24, 2021, 10:49 pm] | SELECT * FROM user WHERE id = :id LIMIT 1; | Data - []
[February 24, 2021, 10:49 pm] | SELECT * FROM request WHERE request.id IN (?); | Data - [2]
[February 24, 2021, 10:49 pm] | SELECT * FROM document_type WHERE id = :id LIMIT 1; | Data - []
[February 24, 2021, 10:49 pm] | SELECT * FROM user WHERE id = :id LIMIT 1; | Data - []
[February 24, 2021, 10:49 pm] | SELECT * FROM request WHERE request.id IN (?); | Data - [2]
[February 24, 2021, 10:49 pm] | SELECT * FROM document_type WHERE id = :id LIMIT 1; | Data - []
[February 24, 2021, 10:49 pm] | SELECT * FROM user WHERE id = :id LIMIT 1; | Data - []
[February 24, 2021, 10:49 pm] | SELECT * FROM request WHERE request.id IN (?); | Data - [3]
[February 24, 2021, 10:49 pm] | SELECT * FROM document_type WHERE id = :id LIMIT 1; | Data - []
[February 24, 2021, 10:49 pm] | SELECT * FROM user WHERE id = :id LIMIT 1; | Data - []
[February 24, 2021, 10:49 pm] | SELECT * FROM request WHERE request.id IN (?); | Data - [3]
[February 24, 2021, 10:49 pm] | SELECT * FROM document_type WHERE id = :id LIMIT 1; | Data - []
[February 24, 2021, 10:49 pm] | SELECT * FROM user WHERE id = :id LIMIT 1; | Data - []
[February 24, 2021, 10:49 pm] | SELECT * FROM request WHERE request.id IN (?); | Data - [3]
[February 24, 2021, 10:49 pm] | SELECT * FROM document_type WHERE id = :id LIMIT 1; | Data - []
[February 24, 2021, 10:49 pm] | SELECT * FROM user WHERE id = :id LIMIT 1; | Data - []
[February 24, 2021, 10:49 pm] | SELECT * FROM request WHERE request.id IN (?); | Data - [3]
[February 24, 2021, 10:49 pm] | SELECT * FROM document_type WHERE id = :id LIMIT 1; | Data - []
[February 24, 2021, 10:49 pm] | SELECT * FROM request; | Data - []
[February 24, 2021, 10:49 pm] | SELECT * FROM log; | Data - []
[February 24, 2021, 10:49 pm] | SELECT COUNT(*) as count FROM user; | Data - []
[February 24, 2021, 10:49 pm] | SELECT COUNT(*) as count FROM log; | Data - []
[February 24, 2021, 10:49 pm] | SELECT * FROM token WHERE hash = :hash LIMIT 1; | Data - []
[February 24, 2021, 10:49 pm] | SELECT * FROM user WHERE id = :id LIMIT 1; | Data - []
[February 24, 2021, 10:49 pm] | SELECT * FROM request; | Data - []
[February 24, 2021, 10:49 pm] | SELECT * FROM request; | Data - []
[February 24, 2021, 10:49 pm] | SELECT * FROM request; | Data - []
[February 24, 2021, 10:49 pm] | SELECT * FROM user WHERE id = :id LIMIT 1; | Data - []
[February 24, 2021, 10:49 pm] | SELECT * FROM document_type WHERE id = :id LIMIT 1; | Data - []
[February 24, 2021, 10:49 pm] | SELECT * FROM file WHERE id = :id LIMIT 1; | Data - []
[February 24, 2021, 10:49 pm] | SELECT * FROM user WHERE id = :id LIMIT 1; | Data - []
[February 24, 2021, 10:49 pm] | SELECT * FROM document_type WHERE id = :id LIMIT 1; | Data - []
[February 24, 2021, 10:49 pm] | SELECT * FROM file WHERE id = :id LIMIT 1; | Data - []
[February 24, 2021, 10:49 pm] | SELECT * FROM user WHERE id = :id LIMIT 1; | Data - []
[February 24, 2021, 10:49 pm] | SELECT * FROM document_type WHERE id = :id LIMIT 1; | Data - []
[February 24, 2021, 10:49 pm] | SELECT * FROM file WHERE id = :id LIMIT 1; | Data - []
[February 24, 2021, 10:49 pm] | SELECT * FROM user WHERE id = :id LIMIT 1; | Data - []
[February 24, 2021, 10:49 pm] | SELECT * FROM document_type WHERE id = :id LIMIT 1; | Data - []
[February 24, 2021, 10:49 pm] | SELECT * FROM file WHERE id = :id LIMIT 1; | Data - []
[February 24, 2021, 10:49 pm] | SELECT * FROM user WHERE id = :id LIMIT 1; | Data - []
[February 24, 2021, 10:49 pm] | SELECT * FROM document_type WHERE id = :id LIMIT 1; | Data - []
[February 24, 2021, 10:49 pm] | SELECT * FROM file WHERE id = :id LIMIT 1; | Data - []
[February 24, 2021, 10:49 pm] | SELECT * FROM user WHERE id = :id LIMIT 1; | Data - []
[February 24, 2021, 10:49 pm] | SELECT * FROM document_type WHERE id = :id LIMIT 1; | Data - []
[February 24, 2021, 10:49 pm] | SELECT * FROM file WHERE id = :id LIMIT 1; | Data - []
[February 24, 2021, 10:49 pm] | SELECT * FROM user WHERE id = :id LIMIT 1; | Data - []
[February 24, 2021, 10:49 pm] | SELECT * FROM document_type WHERE id = :id LIMIT 1; | Data - []
[February 24, 2021, 10:49 pm] | SELECT * FROM file WHERE id = :id LIMIT 1; | Data - []
[February 24, 2021, 10:49 pm] | SELECT * FROM user WHERE id = :id LIMIT 1; | Data - []
[February 24, 2021, 10:49 pm] | SELECT * FROM document_type WHERE id = :id LIMIT 1; | Data - []
[February 24, 2021, 10:49 pm] | SELECT * FROM file WHERE id = :id LIMIT 1; | Data - []
[February 24, 2021, 10:49 pm] | SELECT * FROM user WHERE id = :id LIMIT 1; | Data - []
[February 24, 2021, 10:49 pm] | SELECT * FROM document_type WHERE id = :id LIMIT 1; | Data - []
[February 24, 2021, 10:49 pm] | SELECT * FROM file WHERE id = :id LIMIT 1; | Data - []
[February 24, 2021, 10:49 pm] | SELECT * FROM token WHERE hash = :hash LIMIT 1; | Data - []
[February 24, 2021, 10:49 pm] | DELETE FROM token WHERE token.id = :id; | Data - {"id":21,"user_id":1,"created_at":"2021-02-24 22:49:06","updated_at":"2021-02-24 22:49:06"}
[February 24, 2021, 10:49 pm] | SELECT * FROM user WHERE email = :email LIMIT 1; | Data - []
[February 24, 2021, 10:49 pm] | SELECT * FROM file WHERE id = :id LIMIT 1; | Data - []
[February 24, 2021, 10:49 pm] | INSERT INTO token (token.hash, token.user_id) VALUES (:hash, :user_id); | Data - {"hash":"JZWImiYh1NNnYkhgIMQzzbh91ZKFf28D0YWrnYF2","user_id":2}
[February 24, 2021, 10:49 pm] | SELECT * FROM token WHERE token.id IN (?); | Data - ["22"]
[February 24, 2021, 10:49 pm] | SELECT * FROM token WHERE hash = :hash LIMIT 1; | Data - []
[February 24, 2021, 10:49 pm] | SELECT * FROM user WHERE id = :id LIMIT 1; | Data - []
[February 24, 2021, 10:49 pm] | SELECT * FROM file WHERE id = :id LIMIT 1; | Data - []
[February 24, 2021, 10:49 pm] | SELECT * FROM request; | Data - []
[February 24, 2021, 10:49 pm] | SELECT * FROM request; | Data - []
[February 24, 2021, 10:49 pm] | SELECT * FROM request WHERE user_id = :user_id; | Data - []
[February 24, 2021, 10:49 pm] | SELECT * FROM document_type WHERE id = :id LIMIT 1; | Data - []
[February 24, 2021, 10:49 pm] | SELECT * FROM file WHERE id = :id LIMIT 1; | Data - []
[February 24, 2021, 10:49 pm] | SELECT * FROM document_type WHERE id = :id LIMIT 1; | Data - []
[February 24, 2021, 10:49 pm] | SELECT * FROM file WHERE id = :id LIMIT 1; | Data - []
[February 24, 2021, 10:49 pm] | SELECT * FROM document_type WHERE id = :id LIMIT 1; | Data - []
[February 24, 2021, 10:49 pm] | SELECT * FROM file WHERE id = :id LIMIT 1; | Data - []
[February 24, 2021, 10:49 pm] | SELECT * FROM document_type WHERE id = :id LIMIT 1; | Data - []
[February 24, 2021, 10:49 pm] | SELECT * FROM file WHERE id = :id LIMIT 1; | Data - []
[February 24, 2021, 10:49 pm] | SELECT * FROM document_type WHERE id = :id LIMIT 1; | Data - []
[February 24, 2021, 10:49 pm] | SELECT * FROM file WHERE id = :id LIMIT 1; | Data - []
[February 24, 2021, 10:49 pm] | SELECT * FROM document_type WHERE id = :id LIMIT 1; | Data - []
[February 24, 2021, 10:49 pm] | SELECT * FROM file WHERE id = :id LIMIT 1; | Data - []
[February 24, 2021, 10:49 pm] | SELECT * FROM document_type WHERE id = :id LIMIT 1; | Data - []
[February 24, 2021, 10:49 pm] | SELECT * FROM file WHERE id = :id LIMIT 1; | Data - []
[February 24, 2021, 10:49 pm] | SELECT * FROM document_type WHERE id = :id LIMIT 1; | Data - []
[February 24, 2021, 10:49 pm] | SELECT * FROM file WHERE id = :id LIMIT 1; | Data - []
[February 24, 2021, 10:49 pm] | SELECT * FROM document_type WHERE id = :id LIMIT 1; | Data - []
[February 24, 2021, 10:49 pm] | SELECT * FROM file WHERE id = :id LIMIT 1; | Data - []
[February 24, 2021, 10:49 pm] | SELECT * FROM token WHERE hash = :hash LIMIT 1; | Data - []
[February 24, 2021, 10:49 pm] | SELECT * FROM user WHERE id = :id LIMIT 1; | Data - []
[February 24, 2021, 10:49 pm] | SELECT * FROM document_type; | Data - []
[February 24, 2021, 10:49 pm] | SELECT * FROM token WHERE hash = :hash LIMIT 1; | Data - []
[February 24, 2021, 10:49 pm] | SELECT * FROM user WHERE id = :id LIMIT 1; | Data - []
[February 24, 2021, 10:49 pm] | SELECT * FROM request; | Data - []
[February 24, 2021, 10:49 pm] | SELECT * FROM request; | Data - []
[February 24, 2021, 10:49 pm] | INSERT INTO request (request.document_type_id, request.approved, request.status, request.user_id, request.request_id, request.expired, request.acknowledged) VALUES (:document_type_id, :approved, :status, :user_id, :request_id, :expired, :acknowledged); | Data - {"document_type_id":1,"approved":0,"status":"Received","user_id":2,"request_id":"5Rh5h-Tehsu-2021","expired":0,"acknowledged":0}
[February 24, 2021, 10:49 pm] | SELECT * FROM request WHERE request.id IN (?); | Data - ["10"]
[February 24, 2021, 10:49 pm] | INSERT INTO log (log.action, log.user_id, log.loggable_type, log.loggable_id) VALUES (:action, :user_id, :loggable_type, :loggable_id); | Data - {"action":"Applicant has issued a request.","user_id":2,"loggable_type":"Models\\Request","loggable_id":10}
[February 24, 2021, 10:49 pm] | SELECT * FROM log WHERE log.id IN (?); | Data - ["30"]
[February 24, 2021, 10:49 pm] | SELECT * FROM user WHERE id = :id LIMIT 1; | Data - []
[February 24, 2021, 10:49 pm] | SELECT * FROM document_type WHERE id = :id LIMIT 1; | Data - []
[February 24, 2021, 11:13 pm] | SELECT * FROM token WHERE hash = :hash LIMIT 1; | Data - []
[February 24, 2021, 11:13 pm] | SELECT * FROM user WHERE id = :id LIMIT 1; | Data - []
[February 24, 2021, 11:13 pm] | SELECT * FROM request; | Data - []
[February 24, 2021, 11:13 pm] | SELECT * FROM request; | Data - []
[February 24, 2021, 11:13 pm] | INSERT INTO request (request.document_type_id, request.approved, request.status, request.user_id, request.request_id, request.expired, request.acknowledged) VALUES (:document_type_id, :approved, :status, :user_id, :request_id, :expired, :acknowledged); | Data - {"document_type_id":1,"approved":0,"status":"Received","user_id":2,"request_id":"3VT53-ldeb5-2021","expired":0,"acknowledged":0}
[February 24, 2021, 11:13 pm] | SELECT * FROM request WHERE request.id IN (?); | Data - ["12"]
[February 24, 2021, 11:13 pm] | INSERT INTO log (log.action, log.user_id, log.loggable_type, log.loggable_id) VALUES (:action, :user_id, :loggable_type, :loggable_id); | Data - {"action":"Applicant has issued a request.","user_id":2,"loggable_type":"Models\\Request","loggable_id":12}
[February 24, 2021, 11:13 pm] | SELECT * FROM log WHERE log.id IN (?); | Data - ["32"]
[February 24, 2021, 11:13 pm] | SELECT * FROM user WHERE id = :id LIMIT 1; | Data - []
[February 24, 2021, 11:13 pm] | SELECT * FROM document_type WHERE id = :id LIMIT 1; | Data - []
[February 24, 2021, 11:13 pm] | INSERT INTO queue (queue.payload) VALUES (:payload); | Data - {"payload":"O:15:\"Queues\\SendMail\":4:{s:2:\"to\";s:29:\"manlupigjohnmichael@gmail.com\";s:4:\"view\";s:18:\"emails.new-request\";s:7:\"subject\";s:16:\"Request Creation\";s:4:\"data\";s:134:\"{\"name\":\"John Michael Manlupig\",\"requestID\":\"3VT53-ldeb5-2021\",\"documentType\":\"Birth Certificate\",\"date\":\"February 24, 2021 11:13 PM\"}\";}"}
[February 24, 2021, 11:13 pm] | SELECT * FROM queue WHERE queue.id IN (?); | Data - ["1"]
[February 24, 2021, 11:13 pm] | INSERT INTO queue (queue.payload) VALUES (:payload); | Data - {"payload":"O:18:\"Queues\\SendMessage\":2:{s:2:\"to\";s:12:\"639502794623\";s:7:\"message\";s:121:\"Hi! This is a message from PBBDTM. You have made a request (ID: 3VT53-ldeb5-2021). We will notify you on further updates.\";}"}
[February 24, 2021, 11:13 pm] | SELECT * FROM queue WHERE queue.id IN (?); | Data - ["2"]
[February 24, 2021, 11:14 pm] | SELECT * FROM queue; | Data - []
[February 24, 2021, 11:14 pm] | DELETE FROM queue WHERE queue.id = :id; | Data - {"id":1,"payload":"O:15:\"Queues\\SendMail\":4:{s:2:\"to\";s:29:\"manlupigjohnmichael@gmail.com\";s:4:\"view\";s:18:\"emails.new-request\";s:7:\"subject\";s:16:\"Request Creation\";s:4:\"data\";s:134:\"{\"name\":\"John Michael Manlupig\",\"requestID\":\"3VT53-ldeb5-2021\",\"documentType\":\"Birth Certificate\",\"date\":\"February 24, 2021 11:13 PM\"}\";}","created_at":"2021-02-24 23:13:32","updated_at":"2021-02-24 23:13:32"}
[February 24, 2021, 11:14 pm] | DELETE FROM queue WHERE queue.id = :id; | Data - {"id":2,"payload":"O:18:\"Queues\\SendMessage\":2:{s:2:\"to\";s:12:\"639502794623\";s:7:\"message\";s:121:\"Hi! This is a message from PBBDTM. You have made a request (ID: 3VT53-ldeb5-2021). We will notify you on further updates.\";}","created_at":"2021-02-24 23:13:32","updated_at":"2021-02-24 23:13:32"}
[February 24, 2021, 11:15 pm] | SELECT * FROM queue; | Data - []
[February 24, 2021, 11:15 pm] | SELECT * FROM queue; | Data - []
[February 24, 2021, 11:15 pm] | SELECT * FROM queue; | Data - []
[February 24, 2021, 11:15 pm] | SELECT * FROM token WHERE hash = :hash LIMIT 1; | Data - []
[February 24, 2021, 11:15 pm] | SELECT * FROM user WHERE id = :id LIMIT 1; | Data - []
[February 24, 2021, 11:15 pm] | SELECT * FROM request; | Data - []
[February 24, 2021, 11:15 pm] | SELECT * FROM request; | Data - []
[February 24, 2021, 11:15 pm] | INSERT INTO request (request.document_type_id, request.approved, request.status, request.user_id, request.request_id, request.expired, request.acknowledged) VALUES (:document_type_id, :approved, :status, :user_id, :request_id, :expired, :acknowledged); | Data - {"document_type_id":1,"approved":0,"status":"Received","user_id":2,"request_id":"QCYqq-yP2Kg-2021","expired":0,"acknowledged":0}
[February 24, 2021, 11:15 pm] | SELECT * FROM request WHERE request.id IN (?); | Data - ["13"]
[February 24, 2021, 11:15 pm] | INSERT INTO log (log.action, log.user_id, log.loggable_type, log.loggable_id) VALUES (:action, :user_id, :loggable_type, :loggable_id); | Data - {"action":"Applicant has issued a request.","user_id":2,"loggable_type":"Models\\Request","loggable_id":13}
[February 24, 2021, 11:15 pm] | SELECT * FROM log WHERE log.id IN (?); | Data - ["33"]
[February 24, 2021, 11:15 pm] | SELECT * FROM user WHERE id = :id LIMIT 1; | Data - []
[February 24, 2021, 11:15 pm] | SELECT * FROM document_type WHERE id = :id LIMIT 1; | Data - []
[February 24, 2021, 11:15 pm] | INSERT INTO queue (queue.payload) VALUES (:payload); | Data - {"payload":"O:15:\"Queues\\SendMail\":4:{s:2:\"to\";s:29:\"manlupigjohnmichael@gmail.com\";s:4:\"view\";s:18:\"emails.new-request\";s:7:\"subject\";s:16:\"Request Creation\";s:4:\"data\";s:134:\"{\"name\":\"John Michael Manlupig\",\"requestID\":\"QCYqq-yP2Kg-2021\",\"documentType\":\"Birth Certificate\",\"date\":\"February 24, 2021 11:15 PM\"}\";}"}
[February 24, 2021, 11:15 pm] | SELECT * FROM queue WHERE queue.id IN (?); | Data - ["3"]
[February 24, 2021, 11:15 pm] | INSERT INTO queue (queue.payload) VALUES (:payload); | Data - {"payload":"O:18:\"Queues\\SendMessage\":2:{s:2:\"to\";s:12:\"639502794623\";s:7:\"message\";s:121:\"Hi! This is a message from PBBDTM. You have made a request (ID: QCYqq-yP2Kg-2021). We will notify you on further updates.\";}"}
[February 24, 2021, 11:15 pm] | SELECT * FROM queue WHERE queue.id IN (?); | Data - ["4"]
[February 24, 2021, 11:15 pm] | SELECT * FROM queue; | Data - []
[February 24, 2021, 11:15 pm] | DELETE FROM queue WHERE queue.id = :id; | Data - {"id":3,"payload":"O:15:\"Queues\\SendMail\":4:{s:2:\"to\";s:29:\"manlupigjohnmichael@gmail.com\";s:4:\"view\";s:18:\"emails.new-request\";s:7:\"subject\";s:16:\"Request Creation\";s:4:\"data\";s:134:\"{\"name\":\"John Michael Manlupig\",\"requestID\":\"QCYqq-yP2Kg-2021\",\"documentType\":\"Birth Certificate\",\"date\":\"February 24, 2021 11:15 PM\"}\";}","created_at":"2021-02-24 23:15:40","updated_at":"2021-02-24 23:15:40"}
[February 24, 2021, 11:15 pm] | DELETE FROM queue WHERE queue.id = :id; | Data - {"id":4,"payload":"O:18:\"Queues\\SendMessage\":2:{s:2:\"to\";s:12:\"639502794623\";s:7:\"message\";s:121:\"Hi! This is a message from PBBDTM. You have made a request (ID: QCYqq-yP2Kg-2021). We will notify you on further updates.\";}","created_at":"2021-02-24 23:15:40","updated_at":"2021-02-24 23:15:40"}
[February 24, 2021, 11:15 pm] | SELECT * FROM queue; | Data - []
[February 24, 2021, 11:15 pm] | SELECT * FROM queue; | Data - []
[February 24, 2021, 11:15 pm] | SELECT * FROM queue; | Data - []
[February 24, 2021, 11:15 pm] | SELECT * FROM queue; | Data - []
[February 24, 2021, 11:16 pm] | SELECT * FROM queue; | Data - []
[February 24, 2021, 11:16 pm] | SELECT * FROM queue; | Data - []
[February 24, 2021, 11:16 pm] | SELECT * FROM queue; | Data - []
[February 24, 2021, 11:16 pm] | SELECT * FROM queue; | Data - []
[February 24, 2021, 11:16 pm] | SELECT * FROM queue; | Data - []
[February 24, 2021, 11:16 pm] | SELECT * FROM queue; | Data - []
[February 24, 2021, 11:16 pm] | SELECT * FROM queue; | Data - []
[February 24, 2021, 11:16 pm] | SELECT * FROM queue; | Data - []
[February 24, 2021, 11:16 pm] | SELECT * FROM queue; | Data - []
[February 24, 2021, 11:16 pm] | SELECT * FROM queue; | Data - []
[February 24, 2021, 11:16 pm] | SELECT * FROM queue; | Data - []
[February 24, 2021, 11:16 pm] | SELECT * FROM queue; | Data - []
[February 24, 2021, 11:16 pm] | SELECT * FROM queue; | Data - []
[February 24, 2021, 11:16 pm] | SELECT * FROM queue; | Data - []
[February 24, 2021, 11:16 pm] | SELECT * FROM queue; | Data - []
[February 24, 2021, 11:16 pm] | SELECT * FROM queue; | Data - []
[February 24, 2021, 11:16 pm] | SELECT * FROM queue; | Data - []
[February 24, 2021, 11:16 pm] | SELECT * FROM queue; | Data - []
[February 24, 2021, 11:16 pm] | SELECT * FROM queue; | Data - []
[February 24, 2021, 11:16 pm] | SELECT * FROM queue; | Data - []
